<?xml version="1.0" encoding="UTF-8"?>
<testsuite name="com.mysite.manage.ManageApplicationTests" tests="1" skipped="0" failures="0" errors="0" timestamp="2024-06-08T16:25:29" hostname="LAPTOP-5QBTGGUL" time="0.476">
  <properties/>
  <testcase name="contextLoads()" classname="com.mysite.manage.ManageApplicationTests" time="0.476"/>
  <system-out><![CDATA[01:25:24.886 [Test worker] INFO org.springframework.test.context.support.AnnotationConfigContextLoaderUtils -- Could not detect default configuration classes for test class [com.mysite.manage.ManageApplicationTests]: ManageApplicationTests does not declare any static, non-private, non-final, nested classes annotated with @Configuration.
01:25:25.038 [Test worker] INFO org.springframework.boot.test.context.SpringBootTestContextBootstrapper -- Found @SpringBootConfiguration com.mysite.manage.ManageApplication for test class com.mysite.manage.ManageApplicationTests
  .   ____          _            __ _ _
 /\\ / ___'_ __ _ _(_)_ __  __ _ \ \ \ \
( ( )\___ | '_ | '_| | '_ \/ _` | \ \ \ \
 \\/  ___)| |_)| | | | | || (_| |  ) ) ) )
  '  |____| .__|_| |_|_| |_\__, | / / / /
 =========|_|==============|___/=/_/_/_/

 :: Spring Boot ::                (v3.3.0)

2024-06-09T01:25:25.448+09:00  INFO 4112 --- [manage] [    Test worker] c.mysite.manage.ManageApplicationTests   : Starting ManageApplicationTests using Java 20.0.1 with PID 4112 (started by retur in C:\Users\retur\IdeaProjects\manage)
2024-06-09T01:25:25.449+09:00  INFO 4112 --- [manage] [    Test worker] c.mysite.manage.ManageApplicationTests   : No active profile set, falling back to 1 default profile: "default"
2024-06-09T01:25:26.043+09:00  INFO 4112 --- [manage] [    Test worker] .s.d.r.c.RepositoryConfigurationDelegate : Bootstrapping Spring Data JPA repositories in DEFAULT mode.
2024-06-09T01:25:26.099+09:00  INFO 4112 --- [manage] [    Test worker] .s.d.r.c.RepositoryConfigurationDelegate : Finished Spring Data repository scanning in 47 ms. Found 1 JPA repository interface.
2024-06-09T01:25:26.526+09:00  INFO 4112 --- [manage] [    Test worker] o.hibernate.jpa.internal.util.LogHelper  : HHH000204: Processing PersistenceUnitInfo [name: default]
2024-06-09T01:25:26.583+09:00  INFO 4112 --- [manage] [    Test worker] org.hibernate.Version                    : HHH000412: Hibernate ORM core version 6.5.2.Final
2024-06-09T01:25:26.621+09:00  INFO 4112 --- [manage] [    Test worker] o.h.c.internal.RegionFactoryInitiator    : HHH000026: Second-level cache disabled
2024-06-09T01:25:26.949+09:00  INFO 4112 --- [manage] [    Test worker] o.s.o.j.p.SpringPersistenceUnitInfo      : No LoadTimeWeaver setup: ignoring JPA class transformer
2024-06-09T01:25:26.984+09:00  INFO 4112 --- [manage] [    Test worker] com.zaxxer.hikari.HikariDataSource       : HikariPool-1 - Starting...
2024-06-09T01:25:27.324+09:00  INFO 4112 --- [manage] [    Test worker] com.zaxxer.hikari.pool.HikariPool        : HikariPool-1 - Added connection conn0: url=jdbc:h2:~/manageDB user=MANAGER
2024-06-09T01:25:27.326+09:00  INFO 4112 --- [manage] [    Test worker] com.zaxxer.hikari.HikariDataSource       : HikariPool-1 - Start completed.
2024-06-09T01:25:27.354+09:00  WARN 4112 --- [manage] [    Test worker] org.hibernate.orm.deprecation            : HHH90000025: H2Dialect does not need to be specified explicitly using 'hibernate.dialect' (remove the property setting and it will be selected by default)
2024-06-09T01:25:28.230+09:00  INFO 4112 --- [manage] [    Test worker] o.h.e.t.j.p.i.JtaPlatformInitiator       : HHH000489: No JTA platform available (set 'hibernate.transaction.jta.platform' to enable JTA platform integration)
2024-06-09T01:25:28.277+09:00  INFO 4112 --- [manage] [    Test worker] j.LocalContainerEntityManagerFactoryBean : Initialized JPA EntityManagerFactory for persistence unit 'default'
2024-06-09T01:25:28.776+09:00  WARN 4112 --- [manage] [    Test worker] JpaBaseConfiguration$JpaWebConfiguration : spring.jpa.open-in-view is enabled by default. Therefore, database queries may be performed during view rendering. Explicitly configure spring.jpa.open-in-view to disable this warning
2024-06-09T01:25:28.816+09:00  INFO 4112 --- [manage] [    Test worker] o.s.b.a.w.s.WelcomePageHandlerMapping    : Adding welcome page: class path resource [static/index.html]
2024-06-09T01:25:29.173+09:00  INFO 4112 --- [manage] [    Test worker] o.s.b.a.h2.H2ConsoleAutoConfiguration    : H2 console available at '/h2-console'. Database available at 'jdbc:h2:~/manageDB'
2024-06-09T01:25:29.244+09:00  INFO 4112 --- [manage] [    Test worker] c.mysite.manage.ManageApplicationTests   : Started ManageApplicationTests in 4.045 seconds (process running for 5.231)
2
4
]]></system-out>
  <system-err><![CDATA[]]></system-err>
</testsuite>
